Using pre-set license
Built from '2020.3/staging' branch; Version is '2020.3.28f1 (f5400f52e03f) revision 16072719'; Using compiler version '192528614'; Build Type 'Release'
OS: 'Windows 10  (10.0.19043) 64bit Professional' Language: 'ru' Physical Memory: 16326 MB
BatchMode: 1, IsHumanControllingUs: 0, StartBugReporterOnCrash: 0, Is64bit: 1, IsPro: 0

COMMAND LINE ARGUMENTS:
E:\Software\Unity\2020.3.28f1\Editor\Unity.exe
-adb2
-batchMode
-noUpm
-name
AssetImportWorker0
-projectPath
E:/Unity Projects/MetavibesMVP
-logFile
Logs/AssetImportWorker0.log
-srvPort
65107
Successfully changed project path to: E:/Unity Projects/MetavibesMVP
E:/Unity Projects/MetavibesMVP
Using Asset Import Pipeline V2.
Refreshing native plugins compatible for Editor in 25.36 ms, found 2 plugins.
Preloading 0 native plugins for Editor in 0.00 ms.
Initialize engine version: 2020.3.28f1 (f5400f52e03f)
[Subsystems] Discovering subsystems at path E:/Software/Unity/2020.3.28f1/Editor/Data/Resources/UnitySubsystems
[Subsystems] Discovering subsystems at path E:/Unity Projects/MetavibesMVP/Assets
GfxDevice: creating device client; threaded=0
Direct3D:
    Version:  Direct3D 11.0 [level 11.1]
    Renderer: NVIDIA GeForce GTX 1660 Ti (ID=0x2182)
    Vendor:   
    VRAM:     5991 MB
    Driver:   27.21.14.6172
Initialize mono
Mono path[0] = 'E:/Software/Unity/2020.3.28f1/Editor/Data/Managed'
Mono path[1] = 'E:/Software/Unity/2020.3.28f1/Editor/Data/MonoBleedingEdge/lib/mono/unityjit'
Mono config path = 'E:/Software/Unity/2020.3.28f1/Editor/Data/MonoBleedingEdge/etc'
Using monoOptions --debugger-agent=transport=dt_socket,embedding=1,server=y,suspend=n,address=127.0.0.1:56284
Begin MonoManager ReloadAssembly
Registering precompiled unity dll's ...
Register platform support module: E:/Software/Unity/2020.3.28f1/Editor/Data/PlaybackEngines/WebGLSupport/UnityEditor.WebGL.Extensions.dll
Register platform support module: E:/Software/Unity/2020.3.28f1/Editor/Data/PlaybackEngines/WindowsStandaloneSupport/UnityEditor.WindowsStandalone.Extensions.dll
Registered in 0.000990 seconds.
Native extension for WindowsStandalone target not found
Native extension for WebGL target not found
Refreshing native plugins compatible for Editor in 29.82 ms, found 2 plugins.
Preloading 0 native plugins for Editor in 0.00 ms.
Mono: successfully reloaded assembly
- Completed reload, in  0.492 seconds
Domain Reload Profiling:
	ReloadAssembly (492ms)
		BeginReloadAssembly (57ms)
			ExecutionOrderSort (0ms)
			DisableScriptedObjects (0ms)
			BackupInstance (0ms)
			ReleaseScriptingObjects (0ms)
			CreateAndSetChildDomain (1ms)
		EndReloadAssembly (379ms)
			LoadAssemblies (57ms)
			RebuildTransferFunctionScriptingTraits (0ms)
			SetupTypeCache (127ms)
			ReleaseScriptCaches (0ms)
			RebuildScriptCaches (28ms)
			SetupLoadedEditorAssemblies (141ms)
				LogAssemblyErrors (0ms)
				InitializePlatformSupportModulesInManaged (4ms)
				SetLoadedEditorAssemblies (0ms)
				RefreshPlugins (30ms)
				BeforeProcessingInitializeOnLoad (15ms)
				ProcessInitializeOnLoadAttributes (68ms)
				ProcessInitializeOnLoadMethodAttributes (23ms)
				AfterProcessingInitializeOnLoad (0ms)
				EditorAssembliesLoaded (0ms)
			ExecutionOrderSort2 (0ms)
			AwakeInstancesAfterBackupRestoration (0ms)
Platform modules already initialized, skipping
Registering precompiled user dll's ...
Registered in 0.002742 seconds.
Begin MonoManager ReloadAssembly
Native extension for WindowsStandalone target not found
Native extension for WebGL target not found
Refreshing native plugins compatible for Editor in 0.28 ms, found 2 plugins.
Preloading 0 native plugins for Editor in 0.00 ms.
Mono: successfully reloaded assembly
- Completed reload, in  0.844 seconds
Domain Reload Profiling:
	ReloadAssembly (845ms)
		BeginReloadAssembly (134ms)
			ExecutionOrderSort (0ms)
			DisableScriptedObjects (4ms)
			BackupInstance (0ms)
			ReleaseScriptingObjects (0ms)
			CreateAndSetChildDomain (16ms)
		EndReloadAssembly (665ms)
			LoadAssemblies (85ms)
			RebuildTransferFunctionScriptingTraits (0ms)
			SetupTypeCache (240ms)
			ReleaseScriptCaches (0ms)
			RebuildScriptCaches (35ms)
			SetupLoadedEditorAssemblies (244ms)
				LogAssemblyErrors (0ms)
				InitializePlatformSupportModulesInManaged (4ms)
				SetLoadedEditorAssemblies (0ms)
				RefreshPlugins (0ms)
				BeforeProcessingInitializeOnLoad (61ms)
				ProcessInitializeOnLoadAttributes (169ms)
				ProcessInitializeOnLoadMethodAttributes (7ms)
				AfterProcessingInitializeOnLoad (2ms)
				EditorAssembliesLoaded (0ms)
			ExecutionOrderSort2 (0ms)
			AwakeInstancesAfterBackupRestoration (6ms)
Platform modules already initialized, skipping
========================================================================
Worker process is ready to serve import requests
Launched and connected shader compiler UnityShaderCompiler.exe after 0.04 seconds
Refreshing native plugins compatible for Editor in 0.28 ms, found 2 plugins.
Preloading 0 native plugins for Editor in 0.00 ms.
Unloading 1502 Unused Serialized files (Serialized files now loaded: 0)
System memory in use before: 67.5 MB.
System memory in use after: 67.5 MB.

Unloading 19 unused Assets to reduce memory usage. Loaded Objects now: 1934.
Total: 2.621400 ms (FindLiveObjects: 0.242700 ms CreateObjectMapping: 0.075600 ms MarkObjects: 2.219100 ms  DeleteObjects: 0.083300 ms)

AssetImportParameters requested are different than current active one (requested -> active):
  custom:framework-win-MediaFoundation: 216162199b28c13a410421893ffa2e32 -> 
  custom:video-decoder-ogg-theora: a1e56fd34408186e4bbccfd4996cb3dc -> 
  custom:container-muxer-webm: aa71ff27fc2769a1b78a27578f13a17b -> 
  custom:container-demuxer-webm: 4f35f7cbe854078d1ac9338744f61a02 -> 
  custom:container-demuxer-ogg: 62fdf1f143b41e24485cea50d1cbac27 -> 
  custom:video-encoder-webm-vp8: eb34c28f22e8b96e1ab97ce403110664 -> 
  custom:video-decoder-webm-vp8: 9c59270c3fd7afecdb556c50c9e8de78 -> 
  custom:audio-decoder-ogg-vorbis: bf7c407c2cedff20999df2af8eb42d56 -> 
  custom:audio-encoder-webm-vorbis: bf7c407c2cedff20999df2af8eb42d56 -> 
========================================================================
Received Import Request.
  path: Assets/Scripts
  artifactKey: Guid(1f0d28b635d908a46a9997a5b25f7ca4) Importer(815301076,1909f56bfc062723c751e8b465ee728b)
Start importing Assets/Scripts using Guid(1f0d28b635d908a46a9997a5b25f7ca4) Importer(815301076,1909f56bfc062723c751e8b465ee728b)  -> (artifact id: '43a71297cfbfc119b1ed7170ee04b3de') in 0.004589 seconds 
  Import took 0.006404 seconds .

========================================================================
Received Import Request.
  Time since last request: 48.547640 seconds.
  path: Assets/Scripts/ButtonController.cs
  artifactKey: Guid(83e74431e1e478440ac23b91402b6ddc) Importer(815301076,1909f56bfc062723c751e8b465ee728b)
Start importing Assets/Scripts/ButtonController.cs using Guid(83e74431e1e478440ac23b91402b6ddc) Importer(815301076,1909f56bfc062723c751e8b465ee728b)  -> (artifact id: 'd013b761f578cb916c5d2484dc78a9e5') in 0.022066 seconds 
  Import took 0.024208 seconds .

========================================================================
Received Import Request.
  Time since last request: 4.228667 seconds.
  path: Assets/Scripts/TeleportationFromLevel.cs
  artifactKey: Guid(962db25347840014e9e9dbd9233f3b4c) Importer(815301076,1909f56bfc062723c751e8b465ee728b)
Start importing Assets/Scripts/TeleportationFromLevel.cs using Guid(962db25347840014e9e9dbd9233f3b4c) Importer(815301076,1909f56bfc062723c751e8b465ee728b)  -> (artifact id: 'abcce450ac399dccbba60a8ae010786c') in 0.003110 seconds 
  Import took 0.005308 seconds .

========================================================================
Received Import Request.
  Time since last request: 5.397442 seconds.
  path: Assets/Scripts/Level
  artifactKey: Guid(201d5b48d8dd0fc4bbc49c1fe97dc140) Importer(815301076,1909f56bfc062723c751e8b465ee728b)
Start importing Assets/Scripts/Level using Guid(201d5b48d8dd0fc4bbc49c1fe97dc140) Importer(815301076,1909f56bfc062723c751e8b465ee728b)  -> (artifact id: '40486bc5168e437b2062ab962c29c2f2') in 0.003409 seconds 
  Import took 0.005661 seconds .

========================================================================
Received Import Request.
  Time since last request: 4.509234 seconds.
  path: Assets/Scripts/PointerController.cs
  artifactKey: Guid(3a6a2c6a6e201ad4995927a868498647) Importer(815301076,1909f56bfc062723c751e8b465ee728b)
Start importing Assets/Scripts/PointerController.cs using Guid(3a6a2c6a6e201ad4995927a868498647) Importer(815301076,1909f56bfc062723c751e8b465ee728b)  -> (artifact id: 'b88ce91f5d74ab51bce8302d8f2ea819') in 0.003012 seconds 
  Import took 0.005213 seconds .

========================================================================
Received Import Request.
  Time since last request: 5.931411 seconds.
  path: Assets/Scripts/MovementController.cs
  artifactKey: Guid(67f4788106d890043861bb2085f0035f) Importer(815301076,1909f56bfc062723c751e8b465ee728b)
Start importing Assets/Scripts/MovementController.cs using Guid(67f4788106d890043861bb2085f0035f) Importer(815301076,1909f56bfc062723c751e8b465ee728b)  -> (artifact id: '277b9a1e6f0321d5446a305a19d13004') in 0.003260 seconds 
  Import took 0.005344 seconds .

========================================================================
Received Import Request.
  Time since last request: 5.124117 seconds.
  path: Assets/Scripts/ChangeScene.cs
  artifactKey: Guid(e8bd45962a409914b89753042d9a7a76) Importer(815301076,1909f56bfc062723c751e8b465ee728b)
Start importing Assets/Scripts/ChangeScene.cs using Guid(e8bd45962a409914b89753042d9a7a76) Importer(815301076,1909f56bfc062723c751e8b465ee728b)  -> (artifact id: 'b14b478bce5aee454162c1493de2daf1') in 0.005274 seconds 
  Import took 0.008031 seconds .

========================================================================
Received Import Request.
  Time since last request: 10.816025 seconds.
  path: Assets/Scripts/Common
  artifactKey: Guid(c283c72a377ff3f4ab6d3478f10cf5b7) Importer(815301076,1909f56bfc062723c751e8b465ee728b)
Start importing Assets/Scripts/Common using Guid(c283c72a377ff3f4ab6d3478f10cf5b7) Importer(815301076,1909f56bfc062723c751e8b465ee728b)  -> (artifact id: '52047722574df5ff3616d2e9092ffa67') in 0.004041 seconds 
  Import took 0.006253 seconds .

========================================================================
Received Import Request.
  Time since last request: 6.420634 seconds.
  path: Assets/Scripts/Character
  artifactKey: Guid(0eb54e47297eba948b6de77e11004d6f) Importer(815301076,1909f56bfc062723c751e8b465ee728b)
Start importing Assets/Scripts/Character using Guid(0eb54e47297eba948b6de77e11004d6f) Importer(815301076,1909f56bfc062723c751e8b465ee728b)  -> (artifact id: 'cbeed6d145a4426031867acd1ac5631a') in 0.003187 seconds 
  Import took 0.005395 seconds .

========================================================================
Received Import Request.
  Time since last request: 1.063687 seconds.
  path: Assets/Scripts/GetName.cs
  artifactKey: Guid(7eb6db610ce91314f86492031a080fa5) Importer(815301076,1909f56bfc062723c751e8b465ee728b)
Start importing Assets/Scripts/GetName.cs using Guid(7eb6db610ce91314f86492031a080fa5) Importer(815301076,1909f56bfc062723c751e8b465ee728b)  -> (artifact id: '7f34a8f0932376eb5f3705cc8fada80a') in 0.003213 seconds 
  Import took 0.005416 seconds .

========================================================================
Received Import Request.
  Time since last request: 13.667003 seconds.
  path: Assets/Scripts/Platform
  artifactKey: Guid(38f955b33af913746b48f28e4f8ae868) Importer(815301076,1909f56bfc062723c751e8b465ee728b)
Start importing Assets/Scripts/Platform using Guid(38f955b33af913746b48f28e4f8ae868) Importer(815301076,1909f56bfc062723c751e8b465ee728b)  -> (artifact id: 'ea20655addaee32b0478ddcc5fe49a8e') in 0.003683 seconds 
  Import took 0.006539 seconds .

========================================================================
Received Import Request.
  Time since last request: 31.230800 seconds.
  path: Assets/Scripts/PlanetMovement.cs
  artifactKey: Guid(d41da26ab1df02a4e9fe05f040303f64) Importer(815301076,1909f56bfc062723c751e8b465ee728b)
Start importing Assets/Scripts/PlanetMovement.cs using Guid(d41da26ab1df02a4e9fe05f040303f64) Importer(815301076,1909f56bfc062723c751e8b465ee728b)  -> (artifact id: 'c7f95571088a5c46ade866546816dd31') in 0.003099 seconds 
  Import took 0.005113 seconds .

========================================================================
Received Import Request.
  Time since last request: 0.874521 seconds.
  path: Assets/Scripts/MytonaSpeaking.cs
  artifactKey: Guid(551e88ec127a9774aa10d2d5e5bb3d33) Importer(815301076,1909f56bfc062723c751e8b465ee728b)
Start importing Assets/Scripts/MytonaSpeaking.cs using Guid(551e88ec127a9774aa10d2d5e5bb3d33) Importer(815301076,1909f56bfc062723c751e8b465ee728b)  -> (artifact id: 'a873c11a08797afb2eebda6fc914ec34') in 0.003007 seconds 
  Import took 0.005252 seconds .

========================================================================
Received Import Request.
  Time since last request: 11.126029 seconds.
  path: Assets/Scripts/Objects
  artifactKey: Guid(2857b1cf8182db6449294a682422e736) Importer(815301076,1909f56bfc062723c751e8b465ee728b)
Start importing Assets/Scripts/Objects using Guid(2857b1cf8182db6449294a682422e736) Importer(815301076,1909f56bfc062723c751e8b465ee728b)  -> (artifact id: 'c3be2eef3e09162fea8e737f7cadd70f') in 0.003613 seconds 
  Import took 0.005599 seconds .

========================================================================
Received Import Request.
  Time since last request: 6.897022 seconds.
  path: Assets/Scripts/Crypto
  artifactKey: Guid(ed0b762c37f2d4a428321b0eeea98e76) Importer(815301076,1909f56bfc062723c751e8b465ee728b)
Start importing Assets/Scripts/Crypto using Guid(ed0b762c37f2d4a428321b0eeea98e76) Importer(815301076,1909f56bfc062723c751e8b465ee728b)  -> (artifact id: 'b0772f9838490c7c11f1f323f36e499c') in 0.003479 seconds 
  Import took 0.005727 seconds .

========================================================================
Received Import Request.
  Time since last request: 242.588418 seconds.
  path: Assets/Scripts/360
  artifactKey: Guid(1329aa0dfb956a84dae78efee9e8f8c3) Importer(815301076,1909f56bfc062723c751e8b465ee728b)
Start importing Assets/Scripts/360 using Guid(1329aa0dfb956a84dae78efee9e8f8c3) Importer(815301076,1909f56bfc062723c751e8b465ee728b)  -> (artifact id: '415cd77793c1b2cab726eea2a4a0682d') in 0.003801 seconds 
  Import took 0.006262 seconds .

========================================================================
Received Import Request.
  Time since last request: 15.056584 seconds.
  path: Assets/Scripts/360/360Control.cs
  artifactKey: Guid(70e3b32caf652bc40be5986696c928ad) Importer(815301076,1909f56bfc062723c751e8b465ee728b)
Start importing Assets/Scripts/360/360Control.cs using Guid(70e3b32caf652bc40be5986696c928ad) Importer(815301076,1909f56bfc062723c751e8b465ee728b)  -> (artifact id: '480a36f31be43d801cc846c8e201ccfe') in 0.004453 seconds 
  Import took 0.006872 seconds .

========================================================================
Received Import Request.
  Time since last request: 29.372267 seconds.
  path: Assets/Scripts/Crypto/MetonCurrency.cs
  artifactKey: Guid(5bb89c83013a2dc41b749595c37f089e) Importer(815301076,1909f56bfc062723c751e8b465ee728b)
Start importing Assets/Scripts/Crypto/MetonCurrency.cs using Guid(5bb89c83013a2dc41b749595c37f089e) Importer(815301076,1909f56bfc062723c751e8b465ee728b)  -> (artifact id: '4ff6012e0bec37e5a1054990e7b1cd90') in 0.005720 seconds 
  Import took 0.007876 seconds .

========================================================================
Received Import Request.
  Time since last request: 179.182726 seconds.
  path: Assets/Scripts/Crypto/MetonTransaction.cs
  artifactKey: Guid(c2b8b64b99b096846befea1e2c8eb21a) Importer(815301076,1909f56bfc062723c751e8b465ee728b)
Start importing Assets/Scripts/Crypto/MetonTransaction.cs using Guid(c2b8b64b99b096846befea1e2c8eb21a) Importer(815301076,1909f56bfc062723c751e8b465ee728b)  -> (artifact id: '3acbd0267d974cca3e66ab543fcfb9c6') in 0.003357 seconds 
  Import took 0.030152 seconds .

========================================================================
Received Import Request.
  Time since last request: 176.910465 seconds.
  path: Assets/Scripts/Crypto/MetonTransaction.cs
  artifactKey: Guid(c2b8b64b99b096846befea1e2c8eb21a) Importer(815301076,1909f56bfc062723c751e8b465ee728b)
Start importing Assets/Scripts/Crypto/MetonTransaction.cs using Guid(c2b8b64b99b096846befea1e2c8eb21a) Importer(815301076,1909f56bfc062723c751e8b465ee728b)  -> (artifact id: '3a8ef37c9a8387ac2a8fd24d1c45c42d') in 0.004500 seconds 
  Import took 0.006720 seconds .

========================================================================
Received Import Request.
  Time since last request: 88.432645 seconds.
  path: Assets/Scripts/360/360Spatialize.cs
  artifactKey: Guid(b4ac5429402874848868770f69605015) Importer(815301076,1909f56bfc062723c751e8b465ee728b)
Start importing Assets/Scripts/360/360Spatialize.cs using Guid(b4ac5429402874848868770f69605015) Importer(815301076,1909f56bfc062723c751e8b465ee728b)  -> (artifact id: '8fd839b7c3e58054efeffb6bd6bfb5da') in 0.004023 seconds 
  Import took 0.020780 seconds .

========================================================================
Received Import Request.
  Time since last request: 127.099811 seconds.
  path: Assets/Scripts/360/360AudioSource.cs
  artifactKey: Guid(4b5270298b667834c94b9ef20eb2aca9) Importer(815301076,1909f56bfc062723c751e8b465ee728b)
Start importing Assets/Scripts/360/360AudioSource.cs using Guid(4b5270298b667834c94b9ef20eb2aca9) Importer(815301076,1909f56bfc062723c751e8b465ee728b)  -> (artifact id: '828ab09c76891bdc96a3924e382d8223') in 0.003631 seconds 
  Import took 0.006276 seconds .

========================================================================
Received Import Request.
  Time since last request: 15.809373 seconds.
  path: Assets/Scripts/360/360Spatialize.cs
  artifactKey: Guid(b4ac5429402874848868770f69605015) Importer(815301076,1909f56bfc062723c751e8b465ee728b)
Start importing Assets/Scripts/360/360Spatialize.cs using Guid(b4ac5429402874848868770f69605015) Importer(815301076,1909f56bfc062723c751e8b465ee728b)  -> (artifact id: '9b9d6196f587b9d0b90db9ee13114b18') in 0.003079 seconds 
  Import took 0.140256 seconds .

========================================================================
Received Import Request.
  Time since last request: 8.163358 seconds.
  path: Assets/Scripts/360/VRSpatialize.cs
  artifactKey: Guid(b4ac5429402874848868770f69605015) Importer(815301076,1909f56bfc062723c751e8b465ee728b)
Start importing Assets/Scripts/360/VRSpatialize.cs using Guid(b4ac5429402874848868770f69605015) Importer(815301076,1909f56bfc062723c751e8b465ee728b)  -> (artifact id: 'e0762d1301fe2ee225afebe86133bc92') in 0.005036 seconds 
  Import took 0.007343 seconds .

========================================================================
Received Import Request.
  Time since last request: 6.951348 seconds.
  path: Assets/Scripts/360/VRVideoControl.cs
  artifactKey: Guid(70e3b32caf652bc40be5986696c928ad) Importer(815301076,1909f56bfc062723c751e8b465ee728b)
Start importing Assets/Scripts/360/VRVideoControl.cs using Guid(70e3b32caf652bc40be5986696c928ad) Importer(815301076,1909f56bfc062723c751e8b465ee728b)  -> (artifact id: 'ebd9b75f51f926f8be5368b54d6ea948') in 0.003615 seconds 
  Import took 0.017115 seconds .

========================================================================
Received Import Request.
  Time since last request: 5.469433 seconds.
  path: Assets/Scripts/360/VRAudioSource.cs
  artifactKey: Guid(4b5270298b667834c94b9ef20eb2aca9) Importer(815301076,1909f56bfc062723c751e8b465ee728b)
Start importing Assets/Scripts/360/VRAudioSource.cs using Guid(4b5270298b667834c94b9ef20eb2aca9) Importer(815301076,1909f56bfc062723c751e8b465ee728b)  -> (artifact id: '5ebb70ad4a82470422eaac6ba21f6dca') in 0.003726 seconds 
  Import took 0.006548 seconds .

========================================================================
Received Import Request.
  Time since last request: 136.259684 seconds.
  path: Assets/Scripts/360/VRVideoControl.cs
  artifactKey: Guid(70e3b32caf652bc40be5986696c928ad) Importer(815301076,1909f56bfc062723c751e8b465ee728b)
Start importing Assets/Scripts/360/VRVideoControl.cs using Guid(70e3b32caf652bc40be5986696c928ad) Importer(815301076,1909f56bfc062723c751e8b465ee728b)  -> (artifact id: '767f180dfdcc9ee6efd2d4882d55b909') in 0.004827 seconds 
  Import took 0.007021 seconds .

========================================================================
Received Import Request.
  Time since last request: 5.659936 seconds.
  path: Assets/Scripts/Misc
  artifactKey: Guid(6b7fa6575ac40b647bc4587651cb8163) Importer(815301076,1909f56bfc062723c751e8b465ee728b)
Start importing Assets/Scripts/Misc using Guid(6b7fa6575ac40b647bc4587651cb8163) Importer(815301076,1909f56bfc062723c751e8b465ee728b)  -> (artifact id: '1cf7c26cf7650a18d22e16fa6537eed7') in 0.003633 seconds 
  Import took 0.035049 seconds .

========================================================================
Received Import Request.
  Time since last request: 36.000905 seconds.
  path: Assets/Scripts/Misc/JSONGetter.cs
  artifactKey: Guid(c31665829b6795e4ca415fdd15295e0d) Importer(815301076,1909f56bfc062723c751e8b465ee728b)
Start importing Assets/Scripts/Misc/JSONGetter.cs using Guid(c31665829b6795e4ca415fdd15295e0d) Importer(815301076,1909f56bfc062723c751e8b465ee728b)  -> (artifact id: 'c658bbecb794c337d335d92b84768e6d') in 0.003877 seconds 
  Import took 0.020406 seconds .

========================================================================
Received Import Request.
  Time since last request: 104.237832 seconds.
  path: Assets/Scripts/Misc/JSONGetter.cs
  artifactKey: Guid(c31665829b6795e4ca415fdd15295e0d) Importer(815301076,1909f56bfc062723c751e8b465ee728b)
Start importing Assets/Scripts/Misc/JSONGetter.cs using Guid(c31665829b6795e4ca415fdd15295e0d) Importer(815301076,1909f56bfc062723c751e8b465ee728b)  -> (artifact id: 'abcaa7ccb76af5b61ee0a4ca2f98e177') in 0.005327 seconds 
  Import took 0.008019 seconds .

========================================================================
Received Import Request.
  Time since last request: 96.632004 seconds.
  path: Assets/Scripts/360/VRVideoControl.cs
  artifactKey: Guid(70e3b32caf652bc40be5986696c928ad) Importer(815301076,1909f56bfc062723c751e8b465ee728b)
Start importing Assets/Scripts/360/VRVideoControl.cs using Guid(70e3b32caf652bc40be5986696c928ad) Importer(815301076,1909f56bfc062723c751e8b465ee728b)  -> (artifact id: 'cf35236fb9658f65c6cbd7029d5fceef') in 0.006711 seconds 
  Import took 0.088957 seconds .

========================================================================
Received Import Request.
  Time since last request: 4.280187 seconds.
  path: Assets/Scripts/360/VRVideoPlayer.cs
  artifactKey: Guid(ca75533b07683f040a0e29fdd581f268) Importer(815301076,1909f56bfc062723c751e8b465ee728b)
Start importing Assets/Scripts/360/VRVideoPlayer.cs using Guid(ca75533b07683f040a0e29fdd581f268) Importer(815301076,1909f56bfc062723c751e8b465ee728b)  -> (artifact id: 'd980adb4039c92102ea972c8e21c1641') in 0.006175 seconds 
  Import took 0.045414 seconds .

========================================================================
Received Import Request.
  Time since last request: 103.872972 seconds.
  path: Assets/Scripts/360/VRVideoPlayer.cs
  artifactKey: Guid(ca75533b07683f040a0e29fdd581f268) Importer(815301076,1909f56bfc062723c751e8b465ee728b)
Start importing Assets/Scripts/360/VRVideoPlayer.cs using Guid(ca75533b07683f040a0e29fdd581f268) Importer(815301076,1909f56bfc062723c751e8b465ee728b)  -> (artifact id: 'a89752e353a4890cd3b1984e34c19697') in 0.004967 seconds 
  Import took 0.009154 seconds .

========================================================================
Received Import Request.
  Time since last request: 7.591709 seconds.
  path: Assets/Scripts/Crypto/MetonCurrency.cs
  artifactKey: Guid(5bb89c83013a2dc41b749595c37f089e) Importer(815301076,1909f56bfc062723c751e8b465ee728b)
Start importing Assets/Scripts/Crypto/MetonCurrency.cs using Guid(5bb89c83013a2dc41b749595c37f089e) Importer(815301076,1909f56bfc062723c751e8b465ee728b)  -> (artifact id: '7aea978476986577902e88cf2c99066e') in 0.003653 seconds 
  Import took 0.023036 seconds .

========================================================================
Received Import Request.
  Time since last request: 84.929717 seconds.
  path: Assets/Web3Unity/Scripts
  artifactKey: Guid(f1488009a88fa4fed9e33fcf1790a0cd) Importer(815301076,1909f56bfc062723c751e8b465ee728b)
Start importing Assets/Web3Unity/Scripts using Guid(f1488009a88fa4fed9e33fcf1790a0cd) Importer(815301076,1909f56bfc062723c751e8b465ee728b)  -> (artifact id: '98254e3bf089efe2502812115deaf678') in 0.005353 seconds 
  Import took 0.007722 seconds .

========================================================================
Received Import Request.
  Time since last request: 0.771768 seconds.
  path: Assets/Web3Unity/Scripts/Prefabs
  artifactKey: Guid(626e9532c187c4f81823c9dab3d2f907) Importer(815301076,1909f56bfc062723c751e8b465ee728b)
Start importing Assets/Web3Unity/Scripts/Prefabs using Guid(626e9532c187c4f81823c9dab3d2f907) Importer(815301076,1909f56bfc062723c751e8b465ee728b)  -> (artifact id: '0be4b0fad9e9e214b702235808e4b8d4') in 0.003718 seconds 
  Import took 0.005996 seconds .

========================================================================
Received Import Request.
  Time since last request: 0.322797 seconds.
  path: Assets/Web3Unity/Scripts/Library
  artifactKey: Guid(074f75b5de26c46d59cdf950820ddd13) Importer(815301076,1909f56bfc062723c751e8b465ee728b)
Start importing Assets/Web3Unity/Scripts/Library using Guid(074f75b5de26c46d59cdf950820ddd13) Importer(815301076,1909f56bfc062723c751e8b465ee728b)  -> (artifact id: '0661315058833c5f3ce1120133f84b0e') in 0.003444 seconds 
  Import took 0.012319 seconds .

========================================================================
Received Import Request.
  Time since last request: 4.734209 seconds.
  path: Assets/Plugins/Nethereum
  artifactKey: Guid(9b553a4135b7248418045b90e45ad414) Importer(815301076,1909f56bfc062723c751e8b465ee728b)
Start importing Assets/Plugins/Nethereum using Guid(9b553a4135b7248418045b90e45ad414) Importer(815301076,1909f56bfc062723c751e8b465ee728b)  -> (artifact id: '4485adbcb0087b25e4c3bdfe2d7cad21') in 0.003797 seconds 
  Import took 0.005844 seconds .

========================================================================
Received Import Request.
  Time since last request: 1.623614 seconds.
  path: Assets/Plugins/Nethereum/AddressUtil.cs
  artifactKey: Guid(391cd41b93b154448a9176bf5f1d9a1c) Importer(815301076,1909f56bfc062723c751e8b465ee728b)
Start importing Assets/Plugins/Nethereum/AddressUtil.cs using Guid(391cd41b93b154448a9176bf5f1d9a1c) Importer(815301076,1909f56bfc062723c751e8b465ee728b)  -> (artifact id: 'aa27eb099e6c51343121ef2ff659490d') in 0.003684 seconds 
  Import took 0.005654 seconds .

========================================================================
Received Import Request.
  Time since last request: 18.618065 seconds.
  path: Assets/Plugins/Nethereum/ByteUtil.cs
  artifactKey: Guid(badd9a8c0505e449fb1e8aabfbf36106) Importer(815301076,1909f56bfc062723c751e8b465ee728b)
Start importing Assets/Plugins/Nethereum/ByteUtil.cs using Guid(badd9a8c0505e449fb1e8aabfbf36106) Importer(815301076,1909f56bfc062723c751e8b465ee728b)  -> (artifact id: 'eca4ec4f1926639057aa08639a1936da') in 0.003149 seconds 
  Import took 0.005198 seconds .

========================================================================
Received Import Request.
  Time since last request: 7.419097 seconds.
  path: Assets/Plugins/Nethereum/EthereumMessageSigner.cs
  artifactKey: Guid(e156cc8374c474508a85d4ff0cd41fad) Importer(815301076,1909f56bfc062723c751e8b465ee728b)
Start importing Assets/Plugins/Nethereum/EthereumMessageSigner.cs using Guid(e156cc8374c474508a85d4ff0cd41fad) Importer(815301076,1909f56bfc062723c751e8b465ee728b)  -> (artifact id: '7b54f4f2945e24182b59ebbdb4e14d12') in 0.003918 seconds 
  Import took 0.006557 seconds .

========================================================================
Received Import Request.
  Time since last request: 4.481645 seconds.
  path: Assets/Plugins/Nethereum/HexBigIntegerConvertorExtensions.cs
  artifactKey: Guid(dc9b514bbc5244d4d94eba6c9a0c6770) Importer(815301076,1909f56bfc062723c751e8b465ee728b)
Start importing Assets/Plugins/Nethereum/HexBigIntegerConvertorExtensions.cs using Guid(dc9b514bbc5244d4d94eba6c9a0c6770) Importer(815301076,1909f56bfc062723c751e8b465ee728b)  -> (artifact id: '5f021927f9a928efb08b651566feda6b') in 0.003860 seconds 
  Import took 0.005841 seconds .

========================================================================
Received Import Request.
  Time since last request: 0.657616 seconds.
  path: Assets/Plugins/Nethereum/MessageSigner.cs
  artifactKey: Guid(47ea00798497c4d84b91e0351a9df398) Importer(815301076,1909f56bfc062723c751e8b465ee728b)
Start importing Assets/Plugins/Nethereum/MessageSigner.cs using Guid(47ea00798497c4d84b91e0351a9df398) Importer(815301076,1909f56bfc062723c751e8b465ee728b)  -> (artifact id: 'fc7de4724eae2760e861f842e364bacb') in 0.003569 seconds 
  Import took 0.005842 seconds .

========================================================================
Received Import Request.
  Time since last request: 12.089694 seconds.
  path: Assets/Plugins/AsyncAwaitUtil/UniRx.zip
  artifactKey: Guid(0a467472112afef41a04d89bb288500f) Importer(815301076,1909f56bfc062723c751e8b465ee728b)
Start importing Assets/Plugins/AsyncAwaitUtil/UniRx.zip using Guid(0a467472112afef41a04d89bb288500f) Importer(815301076,1909f56bfc062723c751e8b465ee728b)  -> (artifact id: 'ccfc84ce21a56a903ac4e27cc4baf642') in 0.017559 seconds 
  Import took 0.037628 seconds .

========================================================================
Received Import Request.
  Time since last request: 14.107019 seconds.
  path: Assets/Plugins/AsyncAwaitUtil/Source/AwaitExtensions.cs
  artifactKey: Guid(386afd32a400664419ea609f8f1636fb) Importer(815301076,1909f56bfc062723c751e8b465ee728b)
Start importing Assets/Plugins/AsyncAwaitUtil/Source/AwaitExtensions.cs using Guid(386afd32a400664419ea609f8f1636fb) Importer(815301076,1909f56bfc062723c751e8b465ee728b)  -> (artifact id: 'ec689fa5ff70bd00f1837fb5ee693a89') in 0.005077 seconds 
  Import took 0.007411 seconds .

========================================================================
Received Import Request.
  Time since last request: 3.552279 seconds.
  path: Assets/Plugins/AsyncAwaitUtil/Source/Awaiters.cs
  artifactKey: Guid(8d760c2bd4c003740956ef7de48cea40) Importer(815301076,1909f56bfc062723c751e8b465ee728b)
Start importing Assets/Plugins/AsyncAwaitUtil/Source/Awaiters.cs using Guid(8d760c2bd4c003740956ef7de48cea40) Importer(815301076,1909f56bfc062723c751e8b465ee728b)  -> (artifact id: 'b0f2e525070b479bb2a0504b1185e572') in 0.003901 seconds 
  Import took 0.006189 seconds .

========================================================================
Received Import Request.
  Time since last request: 1.032894 seconds.
  path: Assets/Plugins/AsyncAwaitUtil/Source/IEnumeratorAwaitExtensions.cs
  artifactKey: Guid(e25e4bf7a3b2f5f4e82e2de590d2e12a) Importer(815301076,1909f56bfc062723c751e8b465ee728b)
Start importing Assets/Plugins/AsyncAwaitUtil/Source/IEnumeratorAwaitExtensions.cs using Guid(e25e4bf7a3b2f5f4e82e2de590d2e12a) Importer(815301076,1909f56bfc062723c751e8b465ee728b)  -> (artifact id: 'a4311fa4b20e90845137cfa96d2941be') in 0.004532 seconds 
  Import took 0.006482 seconds .

========================================================================
Received Import Request.
  Time since last request: 0.442488 seconds.
  path: Assets/Plugins/AsyncAwaitUtil/Source/TaskExtensions.cs
  artifactKey: Guid(445df9c15261a3a4e97d1528208902e3) Importer(815301076,1909f56bfc062723c751e8b465ee728b)
Start importing Assets/Plugins/AsyncAwaitUtil/Source/TaskExtensions.cs using Guid(445df9c15261a3a4e97d1528208902e3) Importer(815301076,1909f56bfc062723c751e8b465ee728b)  -> (artifact id: 'acc035e0ba5798e918dfd34f42104d5a') in 0.003743 seconds 
  Import took 0.006048 seconds .

========================================================================
Received Import Request.
  Time since last request: 0.736154 seconds.
  path: Assets/Plugins/AsyncAwaitUtil/Source/WaitForBackgroundThread.cs
  artifactKey: Guid(b49e8af9f6a40874191794f7bae31812) Importer(815301076,1909f56bfc062723c751e8b465ee728b)
Start importing Assets/Plugins/AsyncAwaitUtil/Source/WaitForBackgroundThread.cs using Guid(b49e8af9f6a40874191794f7bae31812) Importer(815301076,1909f56bfc062723c751e8b465ee728b)  -> (artifact id: '2e8391dc4e34b33333ad7bfc9c009927') in 0.003347 seconds 
  Import took 0.005791 seconds .

========================================================================
Received Import Request.
  Time since last request: 0.747886 seconds.
  path: Assets/Plugins/AsyncAwaitUtil/Source/WaitForUpdate.cs
  artifactKey: Guid(df6106e9f5d243e449fcef043d2d247a) Importer(815301076,1909f56bfc062723c751e8b465ee728b)
Start importing Assets/Plugins/AsyncAwaitUtil/Source/WaitForUpdate.cs using Guid(df6106e9f5d243e449fcef043d2d247a) Importer(815301076,1909f56bfc062723c751e8b465ee728b)  -> (artifact id: '4d8ed38c86d59bc9dd70fa4abe6c8075') in 0.003587 seconds 
  Import took 0.005862 seconds .

========================================================================
Received Import Request.
  Time since last request: 18.087425 seconds.
  path: Assets/Scripts/Awaiters
  artifactKey: Guid(4398b187e58100741b84edf80c0b678c) Importer(815301076,1909f56bfc062723c751e8b465ee728b)
Start importing Assets/Scripts/Awaiters using Guid(4398b187e58100741b84edf80c0b678c) Importer(815301076,1909f56bfc062723c751e8b465ee728b)  -> (artifact id: '876bf3960d7d16e03664506d252ba426') in 0.003373 seconds 
  Import took 0.005696 seconds .

========================================================================
Received Import Request.
  Time since last request: 10.756718 seconds.
  path: Assets/Plugins/AsyncAwaitUtil/Source/Internal/AsyncCoroutineRunner.cs
  artifactKey: Guid(f11ec4617f62c224b99e34972dc917a8) Importer(815301076,1909f56bfc062723c751e8b465ee728b)
Start importing Assets/Plugins/AsyncAwaitUtil/Source/Internal/AsyncCoroutineRunner.cs using Guid(f11ec4617f62c224b99e34972dc917a8) Importer(815301076,1909f56bfc062723c751e8b465ee728b)  -> (artifact id: 'bdc00308df7dd29bdcfce1075bc3e51a') in 0.003430 seconds 
  Import took 0.005887 seconds .

========================================================================
Received Import Request.
  Time since last request: 0.703690 seconds.
  path: Assets/Plugins/AsyncAwaitUtil/Source/Internal/SyncContextUtil.cs
  artifactKey: Guid(a184433eba65a614191b36436c5620cd) Importer(815301076,1909f56bfc062723c751e8b465ee728b)
Start importing Assets/Plugins/AsyncAwaitUtil/Source/Internal/SyncContextUtil.cs using Guid(a184433eba65a614191b36436c5620cd) Importer(815301076,1909f56bfc062723c751e8b465ee728b)  -> (artifact id: '4a1b1a44a566127ca8f0bc83aca6387c') in 0.003799 seconds 
  Import took 0.006300 seconds .

========================================================================
Received Import Request.
  Time since last request: 17.923984 seconds.
  path: Assets/Plugins/Nethereum/HexByteConvertorExtensions.cs
  artifactKey: Guid(0560615bc95c34e4aba6328adcefb8eb) Importer(815301076,1909f56bfc062723c751e8b465ee728b)
Start importing Assets/Plugins/Nethereum/HexByteConvertorExtensions.cs using Guid(0560615bc95c34e4aba6328adcefb8eb) Importer(815301076,1909f56bfc062723c751e8b465ee728b)  -> (artifact id: '6579966b455a405a3dc211208845a2a9') in 0.003643 seconds 
  Import took 0.007102 seconds .

========================================================================
Received Import Request.
  Time since last request: 64.232632 seconds.
  path: Assets/Scripts/Crypto/ByteConvertor.cs
  artifactKey: Guid(3c23154270304dd4bb96cf2cb9affabe) Importer(815301076,1909f56bfc062723c751e8b465ee728b)
Start importing Assets/Scripts/Crypto/ByteConvertor.cs using Guid(3c23154270304dd4bb96cf2cb9affabe) Importer(815301076,1909f56bfc062723c751e8b465ee728b)  -> (artifact id: 'f85df8007a4d6787ea72965eac83a390') in 0.006774 seconds 
  Import took 0.009746 seconds .

========================================================================
Received Import Request.
  Time since last request: 30.577281 seconds.
  path: Assets/Scripts/Crypto/ByteConvertor.cs
  artifactKey: Guid(3c23154270304dd4bb96cf2cb9affabe) Importer(815301076,1909f56bfc062723c751e8b465ee728b)
Start importing Assets/Scripts/Crypto/ByteConvertor.cs using Guid(3c23154270304dd4bb96cf2cb9affabe) Importer(815301076,1909f56bfc062723c751e8b465ee728b)  -> (artifact id: 'd41ccc36ab1c4afee18234f58cd8654d') in 0.004885 seconds 
  Import took 0.024479 seconds .

========================================================================
Received Import Request.
  Time since last request: 94.997412 seconds.
  path: Assets/Scripts/Crypto/MetonTransaction.cs
  artifactKey: Guid(c2b8b64b99b096846befea1e2c8eb21a) Importer(815301076,1909f56bfc062723c751e8b465ee728b)
Start importing Assets/Scripts/Crypto/MetonTransaction.cs using Guid(c2b8b64b99b096846befea1e2c8eb21a) Importer(815301076,1909f56bfc062723c751e8b465ee728b)  -> (artifact id: 'b06cbb3fd0bdee93cfe70231c917740b') in 0.004498 seconds 
  Import took 0.032577 seconds .

========================================================================
Received Import Request.
  Time since last request: 13.895108 seconds.
  path: Assets/Scripts/Common/GetLocations.cs
  artifactKey: Guid(11e572c22b8c7a0479ba8c91bad0042b) Importer(815301076,1909f56bfc062723c751e8b465ee728b)
Start importing Assets/Scripts/Common/GetLocations.cs using Guid(11e572c22b8c7a0479ba8c91bad0042b) Importer(815301076,1909f56bfc062723c751e8b465ee728b)  -> (artifact id: 'a19df64046a482e85cd9218dd52addbc') in 0.019093 seconds 
  Import took 0.049116 seconds .

========================================================================
Received Import Request.
  Time since last request: 172.281953 seconds.
  path: Assets/Scripts/Common/GetUser.cs
  artifactKey: Guid(73a0de408e4c98a4c887ac4dd73a76e4) Importer(815301076,1909f56bfc062723c751e8b465ee728b)
Start importing Assets/Scripts/Common/GetUser.cs using Guid(73a0de408e4c98a4c887ac4dd73a76e4) Importer(815301076,1909f56bfc062723c751e8b465ee728b)  -> (artifact id: 'd6d27dfc84ac8472e61646a265b6b463') in 0.004449 seconds 
  Import took 0.006846 seconds .

========================================================================
Received Import Request.
  Time since last request: 83.848669 seconds.
  path: Assets/Scripts/Common/GetUser.cs
  artifactKey: Guid(73a0de408e4c98a4c887ac4dd73a76e4) Importer(815301076,1909f56bfc062723c751e8b465ee728b)
Start importing Assets/Scripts/Common/GetUser.cs using Guid(73a0de408e4c98a4c887ac4dd73a76e4) Importer(815301076,1909f56bfc062723c751e8b465ee728b)  -> (artifact id: '9c3bdcbba0f4edfa28e18bd11097ab28') in 0.056188 seconds 
  Import took 0.059040 seconds .

========================================================================
Received Import Request.
  Time since last request: 8.112778 seconds.
  path: Assets/Scripts/Crypto/ConfirmNFT.cs
  artifactKey: Guid(d8fadfed9a0b77f4a906a50b6fcc9aef) Importer(815301076,1909f56bfc062723c751e8b465ee728b)
Start importing Assets/Scripts/Crypto/ConfirmNFT.cs using Guid(d8fadfed9a0b77f4a906a50b6fcc9aef) Importer(815301076,1909f56bfc062723c751e8b465ee728b)  -> (artifact id: 'cdd4c01df5b4892ebb8c76161938c893') in 0.004934 seconds 
  Import took 0.098454 seconds .

========================================================================
Received Import Request.
  Time since last request: 179.247051 seconds.
  path: Assets/Scripts/Crypto/ConfirmNFT.cs
  artifactKey: Guid(d8fadfed9a0b77f4a906a50b6fcc9aef) Importer(815301076,1909f56bfc062723c751e8b465ee728b)
Start importing Assets/Scripts/Crypto/ConfirmNFT.cs using Guid(d8fadfed9a0b77f4a906a50b6fcc9aef) Importer(815301076,1909f56bfc062723c751e8b465ee728b)  -> (artifact id: '66c7e5b202d01b4dcb9c33f497738ab5') in 0.008275 seconds 
  Import took 0.011235 seconds .

========================================================================
Received Import Request.
  Time since last request: 11.096069 seconds.
  path: Assets/Scripts/Multiplayer
  artifactKey: Guid(96b4fa4634dd8334aa59a2fef76681eb) Importer(815301076,1909f56bfc062723c751e8b465ee728b)
Start importing Assets/Scripts/Multiplayer using Guid(96b4fa4634dd8334aa59a2fef76681eb) Importer(815301076,1909f56bfc062723c751e8b465ee728b)  -> (artifact id: '83e8f247d945ab29f4c8e3b99633946f') in 0.003748 seconds 
  Import took 0.006167 seconds .

========================================================================
Received Import Request.
  Time since last request: 769.054460 seconds.
  path: Assets/Scripts/Multiplayer/LoginManager.cs
  artifactKey: Guid(fb9e00cd35052454dbbaf189ae445e1d) Importer(815301076,1909f56bfc062723c751e8b465ee728b)
Start importing Assets/Scripts/Multiplayer/LoginManager.cs using Guid(fb9e00cd35052454dbbaf189ae445e1d) Importer(815301076,1909f56bfc062723c751e8b465ee728b)  -> (artifact id: 'b15bd2a3f435a58eb1de53199fedd663') in 0.004109 seconds 
  Import took 0.007175 seconds .

========================================================================
Received Import Request.
  Time since last request: 8.280083 seconds.
  path: Assets/Scripts/Multiplayer/MultiplayerVRSynchronization.cs
  artifactKey: Guid(a3bd53581ed6d7d498bcada45edc875c) Importer(815301076,1909f56bfc062723c751e8b465ee728b)
Start importing Assets/Scripts/Multiplayer/MultiplayerVRSynchronization.cs using Guid(a3bd53581ed6d7d498bcada45edc875c) Importer(815301076,1909f56bfc062723c751e8b465ee728b)  -> (artifact id: 'c095aa87ddfafc774dcb6dd9c5929ddf') in 0.030051 seconds 
  Import took 0.054737 seconds .

========================================================================
Received Import Request.
  Time since last request: 0.714257 seconds.
  path: Assets/Scripts/Multiplayer/PlayerNetworkSetup.cs
  artifactKey: Guid(74073874f0cf56f49929c206ea2b67ab) Importer(815301076,1909f56bfc062723c751e8b465ee728b)
Start importing Assets/Scripts/Multiplayer/PlayerNetworkSetup.cs using Guid(74073874f0cf56f49929c206ea2b67ab) Importer(815301076,1909f56bfc062723c751e8b465ee728b)  -> (artifact id: '8f4a6cd2c7fa06dfad2b8440df2fdc16') in 0.014223 seconds 
  Import took 0.016854 seconds .

========================================================================
Received Import Request.
  Time since last request: 0.617682 seconds.
  path: Assets/Scripts/Multiplayer/RoomManager.cs
  artifactKey: Guid(fa742c57b4833d04dbf3f819ba1ce08f) Importer(815301076,1909f56bfc062723c751e8b465ee728b)
Start importing Assets/Scripts/Multiplayer/RoomManager.cs using Guid(fa742c57b4833d04dbf3f819ba1ce08f) Importer(815301076,1909f56bfc062723c751e8b465ee728b)  -> (artifact id: 'd6efac4a86e7c96872675f0eba08156f') in 0.051953 seconds 
  Import took 0.054328 seconds .

========================================================================
Received Import Request.
  Time since last request: 0.566721 seconds.
  path: Assets/Scripts/Multiplayer/SpawnManager.cs
  artifactKey: Guid(914ad7ab13bb85543ac614ff23b9698e) Importer(815301076,1909f56bfc062723c751e8b465ee728b)
Start importing Assets/Scripts/Multiplayer/SpawnManager.cs using Guid(914ad7ab13bb85543ac614ff23b9698e) Importer(815301076,1909f56bfc062723c751e8b465ee728b)  -> (artifact id: '84ce2c3a9344c091ff135731d1f1a82a') in 0.030154 seconds 
  Import took 0.051073 seconds .

========================================================================
Received Import Request.
  Time since last request: 459.578139 seconds.
  path: Assets/Scripts/Multiplayer/SpawnManager.cs
  artifactKey: Guid(914ad7ab13bb85543ac614ff23b9698e) Importer(815301076,1909f56bfc062723c751e8b465ee728b)
Start importing Assets/Scripts/Multiplayer/SpawnManager.cs using Guid(914ad7ab13bb85543ac614ff23b9698e) Importer(815301076,1909f56bfc062723c751e8b465ee728b)  -> (artifact id: 'e297e38abbf68533f370475488d5bbf9') in 0.003616 seconds 
  Import took 0.006102 seconds .

AssetImportWorkerClient::OnTransportError - code=2 error=End of file
